*** Error 1 "keyPad.c" Line 28(1,2): Illegal C character in input file  0x80
*** Error 1 "keyPad.c" Line 28(1,2): Illegal C character in input file  0x00
*** Error 76 "keyPad.c" Line 28(1,2): Expect ;
*** Error 1 "keyPad.c" Line 28(2,3): Illegal C character in input file  0x02
*** Error 1 "keyPad.c" Line 28(2,3): Illegal C character in input file  0x00
*** Error 1 "keyPad.c" Line 28(2,3): Illegal C character in input file  0x00
*** Error 1 "keyPad.c" Line 28(2,3): Illegal C character in input file  0xFF
*** Error 1 "keyPad.c" Line 28(2,3): Illegal C character in input file  0xFF
*** Error 1 "keyPad.c" Line 28(2,3): Illegal C character in input file  0xFF
*** Error 1 "keyPad.c" Line 28(2,3): Illegal C character in input file  0x00
*** Error 1 "keyPad.c" Line 28(2,3): Illegal C character in input file  0x06
*** Error 1 "keyPad.c" Line 28(2,3): Illegal C character in input file  0x00
*** Error 1 "keyPad.c" Line 28(2,3): Illegal C character in input file  0x00
*** Error 1 "keyPad.c" Line 28(2,3): Illegal C character in input file  0x00
*** Error 1 "keyPad.c" Line 28(2,3): Illegal C character in input file  0x00
*** Error 1 "keyPad.c" Line 28(2,3): Illegal C character in input file  0x00
*** Error 1 "keyPad.c" Line 28(2,3): Illegal C character in input file  0x00
*** Error 1 "keyPad.c" Line 28(2,3): Illegal C character in input file  0x00
*** Error 1 "keyPad.c" Line 28(2,3): Illegal C character in input file  0x8F
*** Error 1 "keyPad.c" Line 28(2,3): Illegal C character in input file  0x9C
*** Error 1 "keyPad.c" Line 28(2,3): Illegal C character in input file  0x8F
*** Error 1 "keyPad.c" Line 28(2,3): Illegal C character in input file  0x86
*** Error 1 "keyPad.c" Line 28(2,3): Illegal C character in input file  0x03
*** Error 1 "keyPad.c" Line 28(2,3): Illegal C character in input file  0xE8
*** Error 1 "keyPad.c" Line 28(12,13): Illegal C character in input file  0xA0
*** Error 1 "keyPad.c" Line 28(12,13): Illegal C character in input file  0xF0
*** Error 1 "keyPad.c" Line 28(12,13): Illegal C character in input file  0xB7
*** Error 1 "keyPad.c" Line 28(12,13): Illegal C character in input file  0xE5
*** Error 1 "keyPad.c" Line 28(12,13): Illegal C character in input file  0x40
*** Error 1 "keyPad.c" Line 28(12,13): Illegal C character in input file  0x98
*** Error 1 "keyPad.c" Line 28(12,13): Illegal C character in input file  0x05
*** Error 1 "keyPad.c" Line 28(12,13): Illegal C character in input file  0x00
*** Error 1 "keyPad.c" Line 28(12,13): Illegal C character in input file  0x00
*** Error 1 "keyPad.c" Line 28(12,13): Illegal C character in input file  0xB0
*** Error 1 "keyPad.c" Line 28(12,13): Illegal C character in input file  0xD7
*** Error 1 "keyPad.c" Line 28(12,13): Illegal C character in input file  0x01
*** Error 1 "keyPad.c" Line 28(12,13): Illegal C character in input file  0x00
*** Error 1 "keyPad.c" Line 28(12,13): Illegal C character in input file  0x80
*** Error 1 "keyPad.c" Line 28(12,13): Illegal C character in input file  0x00
*** Error 1 "keyPad.c" Line 28(12,13): Illegal C character in input file  0x00
*** Error 1 "keyPad.c" Line 28(12,13): Illegal C character in input file  0x00
*** Error 1 "keyPad.c" Line 28(12,13): Illegal C character in input file  0x00
*** Error 1 "keyPad.c" Line 28(12,13): Illegal C character in input file  0x00
*** Error 1 "keyPad.c" Line 28(12,13): Illegal C character in input file  0x00
*** Error 1 "keyPad.c" Line 28(12,13): Illegal C character in input file  0x00
*** Error 1 "keyPad.c" Line 28(12,13): Illegal C character in input file  0x00
*** Error 1 "keyPad.c" Line 28(12,13): Illegal C character in input file  0x00
*** Error 1 "keyPad.c" Line 28(12,13): Illegal C character in input file  0x00
*** Error 1 "keyPad.c" Line 28(12,13): Illegal C character in input file  0x00
*** Error 1 "keyPad.c" Line 28(12,13): Illegal C character in input file  0x88
*** Error 1 "keyPad.c" Line 28(12,13): Illegal C character in input file  0xE1
*** Error 1 "keyPad.c" Line 28(12,13): Illegal C character in input file  0x04
*** Error 1 "keyPad.c" Line 28(12,13): Illegal C character in input file  0x08
*** Error 1 "keyPad.c" Line 28(12,13): Illegal C character in input file  0x40
*** Error 1 "keyPad.c" Line 28(25,26): Illegal C character in input file  0xE1
*** Error 1 "keyPad.c" Line 28(25,26): Illegal C character in input file  0x07
*** Error 1 "keyPad.c" Line 28(25,26): Illegal C character in input file  0xD0
*** Error 1 "keyPad.c" Line 28(28,29): Illegal C character in input file  0xE1
*** Error 1 "keyPad.c" Line 28(28,29): Illegal C character in input file  0x07
*** Error 1 "keyPad.c" Line 28(28,29): Illegal C character in input file  0x00
*** Error 1 "keyPad.c" Line 28(28,29): Illegal C character in input file  0x00
*** Error 1 "keyPad.c" Line 28(28,29): Illegal C character in input file  0x00
*** Error 1 "keyPad.c" Line 28(28,29): Illegal C character in input file  0x00
*** Error 1 "keyPad.c" Line 28(28,29): Illegal C character in input file  0x90
*** Error 1 "keyPad.c" Line 28(31,32): Illegal C character in input file  0xE1
*** Error 1 "keyPad.c" Line 28(31,32): Illegal C character in input file  0x07
*** Error 1 "keyPad.c" Line 28(31,32): Illegal C character in input file  0x00
*** Error 1 "keyPad.c" Line 28(31,32): Illegal C character in input file  0x00
*** Error 1 "keyPad.c" Line 28(31,32): Illegal C character in input file  0x00
*** Error 1 "keyPad.c" Line 28(31,32): Illegal C character in input file  0x00
*** Error 1 "keyPad.c" Line 28(31,32): Illegal C character in input file  0x00
*** Error 1 "keyPad.c" Line 28(31,32): Illegal C character in input file  0x00
*** Error 1 "keyPad.c" Line 28(31,32): Illegal C character in input file  0x00
*** Error 1 "keyPad.c" Line 28(31,32): Illegal C character in input file  0x00
*** Error 1 "keyPad.c" Line 28(31,32): Illegal C character in input file  0x00
*** Error 1 "keyPad.c" Line 28(31,32): Illegal C character in input file  0x00
*** Error 1 "keyPad.c" Line 28(31,32): Illegal C character in input file  0x00
*** Error 1 "keyPad.c" Line 28(31,32): Illegal C character in input file  0x00
*** Error 1 "keyPad.c" Line 28(31,32): Illegal C character in input file  0x00
*** Error 1 "keyPad.c" Line 28(31,32): Illegal C character in input file  0x00
*** Error 1 "keyPad.c" Line 28(31,32): Illegal C character in input file  0x00
*** Error 1 "keyPad.c" Line 28(31,32): Illegal C character in input file  0x00
*** Error 1 "keyPad.c" Line 28(31,32): Illegal C character in input file  0x00
*** Error 1 "keyPad.c" Line 28(31,32): Illegal C character in input file  0x00
*** Error 1 "keyPad.c" Line 28(31,32): Illegal C character in input file  0x00
*** Error 1 "keyPad.c" Line 28(31,32): Illegal C character in input file  0x00
*** Error 1 "keyPad.c" Line 28(31,32): Illegal C character in input file  0x00
*** Error 1 "keyPad.c" Line 28(31,32): Illegal C character in input file  0x00
*** Error 1 "keyPad.c" Line 28(31,32): Illegal C character in input file  0x00
*** Error 1 "keyPad.c" Line 28(31,32): Illegal C character in input file  0x00
*** Error 1 "keyPad.c" Line 28(31,32): Illegal C character in input file  0x00
*** Error 1 "keyPad.c" Line 28(31,32): Illegal C character in input file  0x00
*** Error 1 "keyPad.c" Line 28(31,32): Illegal C character in input file  0x00
*** Error 1 "keyPad.c" Line 28(31,32): Illegal C character in input file  0x00
*** Error 1 "keyPad.c" Line 28(31,32): Illegal C character in input file  0x00
*** Error 1 "keyPad.c" Line 28(31,32): Illegal C character in input file  0x00
*** Error 1 "keyPad.c" Line 28(31,32): Illegal C character in input file  0x00
*** Error 1 "keyPad.c" Line 28(31,32): Illegal C character in input file  0x00
*** Error 1 "keyPad.c" Line 28(34,35): Illegal C character in input file  0x50 after \
*** Error 1 "keyPad.c" Line 28(54,55): Illegal C character in input file  0x50 after \
*** Error 1 "keyPad.c" Line 28(1,2): Illegal C character in input file  0x80
